Using pre-set license
Built from '2020.3/staging' branch; Version is '2020.3.28f1 (f5400f52e03f) revision 16072719'; Using compiler version '192528614'; Build Type 'Release'
OS: 'Windows 10  (10.0.19044) 64bit Professional' Language: 'en' Physical Memory: 16343 MB
BatchMode: 1, IsHumanControllingUs: 0, StartBugReporterOnCrash: 0, Is64bit: 1, IsPro: 0

COMMAND LINE ARGUMENTS:
C:\Program Files\Unity\Hub\Editor\2020.3.28f1\Editor\Unity.exe
-adb2
-batchMode
-noUpm
-name
AssetImportWorker0
-projectPath
C:/D drive/Unity Projects/Procedural_Primitives
-logFile
Logs/AssetImportWorker0.log
-srvPort
57306
Successfully changed project path to: C:/D drive/Unity Projects/Procedural_Primitives
C:/D drive/Unity Projects/Procedural_Primitives
Using Asset Import Pipeline V2.
Refreshing native plugins compatible for Editor in 25.91 ms, found 2 plugins.
Preloading 0 native plugins for Editor in 0.00 ms.
Initialize engine version: 2020.3.28f1 (f5400f52e03f)
[Subsystems] Discovering subsystems at path C:/Program Files/Unity/Hub/Editor/2020.3.28f1/Editor/Data/Resources/UnitySubsystems
[Subsystems] Discovering subsystems at path C:/D drive/Unity Projects/Procedural_Primitives/Assets
GfxDevice: creating device client; threaded=0
Direct3D:
    Version:  Direct3D 11.0 [level 11.1]
    Renderer: NVIDIA GeForce GTX 1050 Ti (ID=0x1c82)
    Vendor:   
    VRAM:     4018 MB
    Driver:   30.0.15.1179
Initialize mono
Mono path[0] = 'C:/Program Files/Unity/Hub/Editor/2020.3.28f1/Editor/Data/Managed'
Mono path[1] = 'C:/Program Files/Unity/Hub/Editor/2020.3.28f1/Editor/Data/MonoBleedingEdge/lib/mono/unityjit'
Mono config path = 'C:/Program Files/Unity/Hub/Editor/2020.3.28f1/Editor/Data/MonoBleedingEdge/etc'
Using monoOptions --debugger-agent=transport=dt_socket,embedding=1,server=y,suspend=n,address=127.0.0.1:56344
Begin MonoManager ReloadAssembly
Registering precompiled unity dll's ...
Register platform support module: C:/Program Files/Unity/Hub/Editor/2020.3.28f1/Editor/Data/PlaybackEngines/WebGLSupport/UnityEditor.WebGL.Extensions.dll
Register platform support module: C:/Program Files/Unity/Hub/Editor/2020.3.28f1/Editor/Data/PlaybackEngines/WindowsStandaloneSupport/UnityEditor.WindowsStandalone.Extensions.dll
Registered in 0.002783 seconds.
Native extension for WindowsStandalone target not found
Native extension for WebGL target not found
Refreshing native plugins compatible for Editor in 25.62 ms, found 2 plugins.
Preloading 0 native plugins for Editor in 0.00 ms.
Mono: successfully reloaded assembly
- Completed reload, in  0.505 seconds
Domain Reload Profiling:
	ReloadAssembly (505ms)
		BeginReloadAssembly (55ms)
			ExecutionOrderSort (0ms)
			DisableScriptedObjects (0ms)
			BackupInstance (0ms)
			ReleaseScriptingObjects (0ms)
			CreateAndSetChildDomain (1ms)
		EndReloadAssembly (388ms)
			LoadAssemblies (53ms)
			RebuildTransferFunctionScriptingTraits (0ms)
			SetupTypeCache (137ms)
			ReleaseScriptCaches (0ms)
			RebuildScriptCaches (24ms)
			SetupLoadedEditorAssemblies (135ms)
				LogAssemblyErrors (0ms)
				InitializePlatformSupportModulesInManaged (4ms)
				SetLoadedEditorAssemblies (0ms)
				RefreshPlugins (26ms)
				BeforeProcessingInitializeOnLoad (17ms)
				ProcessInitializeOnLoadAttributes (65ms)
				ProcessInitializeOnLoadMethodAttributes (23ms)
				AfterProcessingInitializeOnLoad (0ms)
				EditorAssembliesLoaded (0ms)
			ExecutionOrderSort2 (0ms)
			AwakeInstancesAfterBackupRestoration (0ms)
Platform modules already initialized, skipping
Registering precompiled user dll's ...
Registered in 0.003664 seconds.
Begin MonoManager ReloadAssembly
Native extension for WindowsStandalone target not found
Native extension for WebGL target not found
Refreshing native plugins compatible for Editor in 0.33 ms, found 2 plugins.
Preloading 0 native plugins for Editor in 0.00 ms.
Mono: successfully reloaded assembly
- Completed reload, in  0.827 seconds
Domain Reload Profiling:
	ReloadAssembly (828ms)
		BeginReloadAssembly (124ms)
			ExecutionOrderSort (0ms)
			DisableScriptedObjects (4ms)
			BackupInstance (0ms)
			ReleaseScriptingObjects (0ms)
			CreateAndSetChildDomain (15ms)
		EndReloadAssembly (656ms)
			LoadAssemblies (79ms)
			RebuildTransferFunctionScriptingTraits (0ms)
			SetupTypeCache (230ms)
			ReleaseScriptCaches (0ms)
			RebuildScriptCaches (35ms)
			SetupLoadedEditorAssemblies (245ms)
				LogAssemblyErrors (0ms)
				InitializePlatformSupportModulesInManaged (5ms)
				SetLoadedEditorAssemblies (1ms)
				RefreshPlugins (0ms)
				BeforeProcessingInitializeOnLoad (63ms)
				ProcessInitializeOnLoadAttributes (163ms)
				ProcessInitializeOnLoadMethodAttributes (7ms)
				AfterProcessingInitializeOnLoad (6ms)
				EditorAssembliesLoaded (0ms)
			ExecutionOrderSort2 (0ms)
			AwakeInstancesAfterBackupRestoration (5ms)
Platform modules already initialized, skipping
========================================================================
Worker process is ready to serve import requests
Launched and connected shader compiler UnityShaderCompiler.exe after 0.07 seconds
Refreshing native plugins compatible for Editor in 0.27 ms, found 2 plugins.
Preloading 0 native plugins for Editor in 0.00 ms.
Unloading 1527 Unused Serialized files (Serialized files now loaded: 0)
System memory in use before: 69.0 MB.
System memory in use after: 69.0 MB.

Unloading 19 unused Assets to reduce memory usage. Loaded Objects now: 1960.
Total: 3.327900 ms (FindLiveObjects: 0.124800 ms CreateObjectMapping: 0.037800 ms MarkObjects: 3.087000 ms  DeleteObjects: 0.077400 ms)

AssetImportParameters requested are different than current active one (requested -> active):
  custom:framework-win-MediaFoundation: 216162199b28c13a410421893ffa2e32 -> 
  custom:video-decoder-ogg-theora: a1e56fd34408186e4bbccfd4996cb3dc -> 
  custom:container-muxer-webm: aa71ff27fc2769a1b78a27578f13a17b -> 
  custom:container-demuxer-webm: 4f35f7cbe854078d1ac9338744f61a02 -> 
  custom:container-demuxer-ogg: 62fdf1f143b41e24485cea50d1cbac27 -> 
  custom:video-encoder-webm-vp8: eb34c28f22e8b96e1ab97ce403110664 -> 
  custom:video-decoder-webm-vp8: 9c59270c3fd7afecdb556c50c9e8de78 -> 
  custom:audio-decoder-ogg-vorbis: bf7c407c2cedff20999df2af8eb42d56 -> 
  custom:audio-encoder-webm-vorbis: bf7c407c2cedff20999df2af8eb42d56 -> 
========================================================================
Received Import Request.
  path: Assets/QcPrimitives/Scripts/QcSphereMesh.cs
  artifactKey: Guid(881395d4b637c8c46adea68f2bcf6edb) Importer(815301076,1909f56bfc062723c751e8b465ee728b)
Start importing Assets/QcPrimitives/Scripts/QcSphereMesh.cs using Guid(881395d4b637c8c46adea68f2bcf6edb) Importer(815301076,1909f56bfc062723c751e8b465ee728b)  -> (artifact id: '99b4b19b7bd771df0f07d4add28c0147') in 0.249150 seconds 
  Import took 0.275835 seconds .

========================================================================
Received Import Request.
  Time since last request: 6111.221404 seconds.
  path: Assets/QcPrimitives/Scripts/QcPrimitivesBase.cs
  artifactKey: Guid(76b17496e5ea93f40bad2bf4412affb7) Importer(815301076,1909f56bfc062723c751e8b465ee728b)
Start importing Assets/QcPrimitives/Scripts/QcPrimitivesBase.cs using Guid(76b17496e5ea93f40bad2bf4412affb7) Importer(815301076,1909f56bfc062723c751e8b465ee728b)  -> (artifact id: '23ab926885869e45ee4d96cb5097269a') in 0.008193 seconds 
  Import took 0.039325 seconds .

========================================================================
Received Import Request.
  Time since last request: 383.315607 seconds.
  path: Assets/QcPrimitives/Scripts/QcColumnMesh.cs
  artifactKey: Guid(d1204e04f762507488ec03d18f366c57) Importer(815301076,1909f56bfc062723c751e8b465ee728b)
Start importing Assets/QcPrimitives/Scripts/QcColumnMesh.cs using Guid(d1204e04f762507488ec03d18f366c57) Importer(815301076,1909f56bfc062723c751e8b465ee728b)  -> (artifact id: '4ffd25d76b51ec41032905d5b4b7be85') in 0.006072 seconds 
  Import took 0.027109 seconds .

========================================================================
Received Import Request.
  Time since last request: 9.193506 seconds.
  path: Assets/QcPrimitives/Scripts/QcCylinderMesh.cs
  artifactKey: Guid(6cc924f6e33942444b759676de6c2442) Importer(815301076,1909f56bfc062723c751e8b465ee728b)
Start importing Assets/QcPrimitives/Scripts/QcCylinderMesh.cs using Guid(6cc924f6e33942444b759676de6c2442) Importer(815301076,1909f56bfc062723c751e8b465ee728b)  -> (artifact id: '88b912c28351ca965d9dab76c4454a74') in 0.005095 seconds 
  Import took 0.007500 seconds .

========================================================================
Received Import Request.
  Time since last request: 1.264682 seconds.
  path: Assets/QcPrimitives/Scripts/QcGridMesh.cs
  artifactKey: Guid(3c97ab27a76d92141b2133684f012d97) Importer(815301076,1909f56bfc062723c751e8b465ee728b)
Start importing Assets/QcPrimitives/Scripts/QcGridMesh.cs using Guid(3c97ab27a76d92141b2133684f012d97) Importer(815301076,1909f56bfc062723c751e8b465ee728b)  -> (artifact id: '01f0941c79f58bd85bd97e3a40411ef7') in 0.005139 seconds 
  Import took 0.029181 seconds .

========================================================================
Received Import Request.
  Time since last request: 16.752620 seconds.
  path: Assets/QcPrimitives/Scripts/QcPlaneMesh.cs
  artifactKey: Guid(0c0ef778e845a9842a02f8a683f900bb) Importer(815301076,1909f56bfc062723c751e8b465ee728b)
Start importing Assets/QcPrimitives/Scripts/QcPlaneMesh.cs using Guid(0c0ef778e845a9842a02f8a683f900bb) Importer(815301076,1909f56bfc062723c751e8b465ee728b)  -> (artifact id: '99ec828a5dff261ffe5cb66e08afe9b3') in 0.006052 seconds 
  Import took 0.008543 seconds .

========================================================================
Received Import Request.
  Time since last request: 69.612813 seconds.
  path: Assets/QcPrimitives/QuickPrimitivesSample1Settings.lighting
  artifactKey: Guid(5ef4488d55695d84c81bb4480b96b9cf) Importer(815301076,1909f56bfc062723c751e8b465ee728b)
Start importing Assets/QcPrimitives/QuickPrimitivesSample1Settings.lighting using Guid(5ef4488d55695d84c81bb4480b96b9cf) Importer(815301076,1909f56bfc062723c751e8b465ee728b) LightingSettings: switching bake backend from 1 to 0.
 -> (artifact id: '4fcc7186775396f8c4bafa220a307a4a') in 0.028992 seconds 
  Import took 0.032102 seconds .

========================================================================
Received Import Request.
  Time since last request: 7.426710 seconds.
  path: Assets/QcPrimitives/QuickPrimitivesSample2Settings.lighting
  artifactKey: Guid(6b00d743e59e74f05a56c18b6c1349d5) Importer(815301076,1909f56bfc062723c751e8b465ee728b)
Start importing Assets/QcPrimitives/QuickPrimitivesSample2Settings.lighting using Guid(6b00d743e59e74f05a56c18b6c1349d5) Importer(815301076,1909f56bfc062723c751e8b465ee728b) LightingSettings: switching bake backend from 1 to 0.
 -> (artifact id: '4c4bf541f5ec0d75bd1bf13b2cd1c617') in 0.005968 seconds 
  Import took 0.028595 seconds .

========================================================================
Received Import Request.
  Time since last request: 2.063867 seconds.
  path: Assets/QcPrimitives/QuickPrimitivesSample3Settings.lighting
  artifactKey: Guid(7957417e5f571492e8912d216ce540b8) Importer(815301076,1909f56bfc062723c751e8b465ee728b)
Start importing Assets/QcPrimitives/QuickPrimitivesSample3Settings.lighting using Guid(7957417e5f571492e8912d216ce540b8) Importer(815301076,1909f56bfc062723c751e8b465ee728b) LightingSettings: switching bake backend from 1 to 0.
 -> (artifact id: 'd1abbda198e52478110f1fd56fcd57b7') in 0.005841 seconds 
  Import took 0.025836 seconds .

========================================================================
Received Import Request.
  Time since last request: 2.691103 seconds.
  path: Assets/QcPrimitives/QuickPrimitivesSample4Settings.lighting
  artifactKey: Guid(b0001405a527a440b893ef6d7b2ae2c3) Importer(815301076,1909f56bfc062723c751e8b465ee728b)
Start importing Assets/QcPrimitives/QuickPrimitivesSample4Settings.lighting using Guid(b0001405a527a440b893ef6d7b2ae2c3) Importer(815301076,1909f56bfc062723c751e8b465ee728b) LightingSettings: switching bake backend from 1 to 0.
 -> (artifact id: '88dc3a41464acb95a9936019dcade892') in 0.006127 seconds 
  Import took 0.008212 seconds .

========================================================================
Received Import Request.
  Time since last request: 2.314766 seconds.
  path: Assets/QcPrimitives/Scripts
  artifactKey: Guid(74b33d9f5cbc0dd4ea13ba6c233a7fb3) Importer(815301076,1909f56bfc062723c751e8b465ee728b)
Start importing Assets/QcPrimitives/Scripts using Guid(74b33d9f5cbc0dd4ea13ba6c233a7fb3) Importer(815301076,1909f56bfc062723c751e8b465ee728b)  -> (artifact id: '9e261db8e65ac9d509e883654dcba5c5') in 0.003035 seconds 
  Import took 0.007658 seconds .

========================================================================
Received Import Request.
  Time since last request: 7.910592 seconds.
  path: Assets/QcPrimitives/Editor
  artifactKey: Guid(ef4943ce7bf32cf49a83d9b21628dcb1) Importer(815301076,1909f56bfc062723c751e8b465ee728b)
Start importing Assets/QcPrimitives/Editor using Guid(ef4943ce7bf32cf49a83d9b21628dcb1) Importer(815301076,1909f56bfc062723c751e8b465ee728b)  -> (artifact id: 'd897f983e826511df6559a3ba078308e') in 0.005166 seconds 
  Import took 0.037006 seconds .

========================================================================
Received Import Request.
  Time since last request: 9.087804 seconds.
  path: Assets/QcPrimitives/Editor/QcBoxMeshEditor.cs
  artifactKey: Guid(79a6ddee1dacf9944b4c736813bbfea4) Importer(815301076,1909f56bfc062723c751e8b465ee728b)
Start importing Assets/QcPrimitives/Editor/QcBoxMeshEditor.cs using Guid(79a6ddee1dacf9944b4c736813bbfea4) Importer(815301076,1909f56bfc062723c751e8b465ee728b)  -> (artifact id: '48d416e49d11f677b269f36c51db20c8') in 0.004632 seconds 
  Import took 0.024989 seconds .

========================================================================
Received Import Request.
  Time since last request: 16.302662 seconds.
  path: Assets/QcPrimitives/Editor/QcCircleMeshEditor.cs
  artifactKey: Guid(c0f5c14787dab5240ace47d8286655b8) Importer(815301076,1909f56bfc062723c751e8b465ee728b)
Start importing Assets/QcPrimitives/Editor/QcCircleMeshEditor.cs using Guid(c0f5c14787dab5240ace47d8286655b8) Importer(815301076,1909f56bfc062723c751e8b465ee728b)  -> (artifact id: 'd21d36d0bf0e41a0847327d02aec22b8') in 0.005286 seconds 
  Import took 0.007729 seconds .

========================================================================
Received Import Request.
  Time since last request: 6.947012 seconds.
  path: Assets/QcPrimitives/Editor/QcColumnMeshEditor.cs
  artifactKey: Guid(c24dd5c1edc966e49b61edb2e1701bd1) Importer(815301076,1909f56bfc062723c751e8b465ee728b)
Start importing Assets/QcPrimitives/Editor/QcColumnMeshEditor.cs using Guid(c24dd5c1edc966e49b61edb2e1701bd1) Importer(815301076,1909f56bfc062723c751e8b465ee728b)  -> (artifact id: '800cb3cadaed532de5ab9a33ebf9627b') in 0.004853 seconds 
  Import took 0.006982 seconds .

========================================================================
Received Import Request.
  Time since last request: 5.601464 seconds.
  path: Assets/QcPrimitives/Editor/QcCylinderMeshEditor.cs
  artifactKey: Guid(71302548b0913a14aa4cb515aef12c69) Importer(815301076,1909f56bfc062723c751e8b465ee728b)
Start importing Assets/QcPrimitives/Editor/QcCylinderMeshEditor.cs using Guid(71302548b0913a14aa4cb515aef12c69) Importer(815301076,1909f56bfc062723c751e8b465ee728b)  -> (artifact id: 'b650eec43c48c401522a283f541e1e6b') in 0.005619 seconds 
  Import took 0.008371 seconds .

========================================================================
Received Import Request.
  Time since last request: 0.507878 seconds.
  path: Assets/QcPrimitives/Editor/QcGridEditor.cs
  artifactKey: Guid(d4626b78323a59542a84bfd41c0a5f52) Importer(815301076,1909f56bfc062723c751e8b465ee728b)
Start importing Assets/QcPrimitives/Editor/QcGridEditor.cs using Guid(d4626b78323a59542a84bfd41c0a5f52) Importer(815301076,1909f56bfc062723c751e8b465ee728b)  -> (artifact id: '12da1f511280ea4291bbefd9a2e294ab') in 0.005303 seconds 
  Import took 0.028024 seconds .

========================================================================
Received Import Request.
  Time since last request: 0.602784 seconds.
  path: Assets/QcPrimitives/Editor/QcPlaneMeshEditor.cs
  artifactKey: Guid(54f281df665c66c429e1c7901d63340a) Importer(815301076,1909f56bfc062723c751e8b465ee728b)
Start importing Assets/QcPrimitives/Editor/QcPlaneMeshEditor.cs using Guid(54f281df665c66c429e1c7901d63340a) Importer(815301076,1909f56bfc062723c751e8b465ee728b)  -> (artifact id: 'a848aca68c3e5e180c9cb02628730dfe') in 0.004983 seconds 
  Import took 0.023231 seconds .

========================================================================
Received Import Request.
  Time since last request: 2.917837 seconds.
  path: Assets/QcPrimitives/Editor/QcPrimitivesMenu.cs
  artifactKey: Guid(df4c747730d1ca541ae01522f149be2b) Importer(815301076,1909f56bfc062723c751e8b465ee728b)
Start importing Assets/QcPrimitives/Editor/QcPrimitivesMenu.cs using Guid(df4c747730d1ca541ae01522f149be2b) Importer(815301076,1909f56bfc062723c751e8b465ee728b)  -> (artifact id: '3e1d97caa390c5806e6dda9a456fca4c') in 0.005204 seconds 
  Import took 0.022357 seconds .

========================================================================
Received Import Request.
  Time since last request: 7.800030 seconds.
  path: Assets/QcPrimitives/Editor/QcPyramidMeshEditor.cs
  artifactKey: Guid(6c4b343f5b323fe4f883fb53f35bd39c) Importer(815301076,1909f56bfc062723c751e8b465ee728b)
Start importing Assets/QcPrimitives/Editor/QcPyramidMeshEditor.cs using Guid(6c4b343f5b323fe4f883fb53f35bd39c) Importer(815301076,1909f56bfc062723c751e8b465ee728b)  -> (artifact id: 'c9e21342c5460410012a951af63b7b7e') in 0.004655 seconds 
  Import took 0.024141 seconds .

========================================================================
Received Import Request.
  Time since last request: 1.167337 seconds.
  path: Assets/QcPrimitives/Editor/QcSectionMeshEditor.cs
  artifactKey: Guid(14e111ee02ea2be49a77591c4df475ac) Importer(815301076,1909f56bfc062723c751e8b465ee728b)
Start importing Assets/QcPrimitives/Editor/QcSectionMeshEditor.cs using Guid(14e111ee02ea2be49a77591c4df475ac) Importer(815301076,1909f56bfc062723c751e8b465ee728b)  -> (artifact id: 'be9d78f1578f93544de57cf0f525e923') in 0.004552 seconds 
  Import took 0.007290 seconds .

========================================================================
Received Import Request.
  Time since last request: 0.807858 seconds.
  path: Assets/QcPrimitives/Editor/QcSphereMeshEditor.cs
  artifactKey: Guid(97eb1dcecd1bc584ea13806eade4c4f0) Importer(815301076,1909f56bfc062723c751e8b465ee728b)
Start importing Assets/QcPrimitives/Editor/QcSphereMeshEditor.cs using Guid(97eb1dcecd1bc584ea13806eade4c4f0) Importer(815301076,1909f56bfc062723c751e8b465ee728b)  -> (artifact id: 'cbcf43bee91ea0c29b78ec30a64a9ca5') in 0.004597 seconds 
  Import took 0.006898 seconds .

========================================================================
Received Import Request.
  Time since last request: 1.140469 seconds.
  path: Assets/QcPrimitives/Editor/QcTorusMeshEditor.cs
  artifactKey: Guid(86a91b31341bd354ab4b3564c12a55c8) Importer(815301076,1909f56bfc062723c751e8b465ee728b)
Start importing Assets/QcPrimitives/Editor/QcTorusMeshEditor.cs using Guid(86a91b31341bd354ab4b3564c12a55c8) Importer(815301076,1909f56bfc062723c751e8b465ee728b)  -> (artifact id: 'f60de1a3ae6735e7919783fb11872029') in 0.004755 seconds 
  Import took 0.016293 seconds .

========================================================================
Received Import Request.
  Time since last request: 0.705711 seconds.
  path: Assets/QcPrimitives/Editor/QcStairMeshEditor.cs
  artifactKey: Guid(f855cd6d6153561449f9fe08adf30623) Importer(815301076,1909f56bfc062723c751e8b465ee728b)
Start importing Assets/QcPrimitives/Editor/QcStairMeshEditor.cs using Guid(f855cd6d6153561449f9fe08adf30623) Importer(815301076,1909f56bfc062723c751e8b465ee728b)  -> (artifact id: '7a55705ffc29047f497aeb6a031fa682') in 0.004432 seconds 
  Import took 0.042691 seconds .

AssetImportWorkerClient::OnTransportError - code=2 error=End of file
